  main.cpp
C:\Project\C++ project\ARP\winpcap\main.cpp(3,1): warning C4005: “WIN32”: 宏重定义
C:\Project\C++ project\ARP\winpcap\main.cpp : message : 参见“WIN32”的前一个定义
C:\Project\C++ project\ARP\winpcap\main.cpp(88,2): warning C4996: 'sprintf': This function or variable may be unsafe. Consider using sprintf_s instead. To disable deprecation, use _CRT_SECURE_NO_WARNINGS. See online help for details.
C:\Project\C++ project\ARP\winpcap\main.cpp(106,15): warning C4996: 'inet_ntoa': Use inet_ntop() or InetNtop() instead or define _WINSOCK_DEPRECATED_NO_WARNINGS to disable deprecated API warnings
C:\Project\C++ project\ARP\winpcap\main.cpp(154,25): warning C4996: 'inet_addr': Use inet_pton() or InetPton() instead or define _WINSOCK_DEPRECATED_NO_WARNINGS to disable deprecated API warnings
C:\Project\C++ project\ARP\winpcap\main.cpp(155,25): warning C4996: 'inet_addr': Use inet_pton() or InetPton() instead or define _WINSOCK_DEPRECATED_NO_WARNINGS to disable deprecated API warnings
C:\Project\C++ project\ARP\winpcap\main.cpp(165,7): warning C4996: 'inet_addr': Use inet_pton() or InetPton() instead or define _WINSOCK_DEPRECATED_NO_WARNINGS to disable deprecated API warnings
C:\Project\C++ project\ARP\winpcap\main.cpp(179,25): warning C4996: 'inet_addr': Use inet_pton() or InetPton() instead or define _WINSOCK_DEPRECATED_NO_WARNINGS to disable deprecated API warnings
C:\Project\C++ project\ARP\winpcap\main.cpp(180,25): warning C4996: 'inet_addr': Use inet_pton() or InetPton() instead or define _WINSOCK_DEPRECATED_NO_WARNINGS to disable deprecated API warnings
C:\Project\C++ project\ARP\winpcap\main.cpp(196,7): warning C4996: 'inet_addr': Use inet_pton() or InetPton() instead or define _WINSOCK_DEPRECATED_NO_WARNINGS to disable deprecated API warnings
C:\Project\C++ project\ARP\winpcap\main.cpp(257,12): warning C4996: 'inet_ntoa': Use inet_ntop() or InetNtop() instead or define _WINSOCK_DEPRECATED_NO_WARNINGS to disable deprecated API warnings
C:\Project\C++ project\ARP\winpcap\main.cpp(262,14): warning C4996: 'inet_ntoa': Use inet_ntop() or InetNtop() instead or define _WINSOCK_DEPRECATED_NO_WARNINGS to disable deprecated API warnings
C:\Project\C++ project\ARP\winpcap\main.cpp(268,15): warning C4996: 'inet_ntoa': Use inet_ntop() or InetNtop() instead or define _WINSOCK_DEPRECATED_NO_WARNINGS to disable deprecated API warnings
C:\Project\C++ project\ARP\winpcap\main.cpp(272,43): warning C4996: 'inet_ntoa': Use inet_ntop() or InetNtop() instead or define _WINSOCK_DEPRECATED_NO_WARNINGS to disable deprecated API warnings
C:\Project\C++ project\ARP\winpcap\main.cpp(308,14): warning C4996: 'inet_addr': Use inet_pton() or InetPton() instead or define _WINSOCK_DEPRECATED_NO_WARNINGS to disable deprecated API warnings
C:\Project\C++ project\ARP\winpcap\main.cpp(311,23): warning C4996: 'inet_addr': Use inet_pton() or InetPton() instead or define _WINSOCK_DEPRECATED_NO_WARNINGS to disable deprecated API warnings
C:\Project\C++ project\ARP\winpcap\main.cpp(312,28): warning C4996: 'inet_addr': Use inet_pton() or InetPton() instead or define _WINSOCK_DEPRECATED_NO_WARNINGS to disable deprecated API warnings
C:\Project\C++ project\ARP\winpcap\main.cpp(319,15): warning C4996: 'inet_addr': Use inet_pton() or InetPton() instead or define _WINSOCK_DEPRECATED_NO_WARNINGS to disable deprecated API warnings
  winpcap.vcxproj -> C:\Project\C++ project\ARP\Debug\winpcap.exe
